<?xml version="1.0" encoding="UTF-8"?>
<!-- Generated by org.testng.reporters.JUnitXMLReporter -->
<testsuite ignored="0" hostname="BRIAN" failures="0" tests="2" name="Login to Homepage" time="0.081" errors="0" timestamp="2022-07-14T20:02:41 IST">
  <testcase classname="Academy.E2EProject.HomePage" name="@BeforeTest initializeTest" time="0.019">
    <failure type="java.lang.NullPointerException" message="Cannot invoke &amp;quot;String.contains(java.lang.CharSequence)&amp;quot; because &amp;quot;browserName&amp;quot; is null">
      <![CDATA[java.lang.NullPointerException: Cannot invoke "String.contains(java.lang.CharSequence)" because "browserName" is null
at resources.base.initializeDriver(base.java:42)
at Academy.E2EProject.HomePage.initializeTest(HomePage.java:26)
at java.base/java.util.concurrent.FutureTask.run(FutureTask.java:264)
at java.base/java.util.concurrent.ThreadPoolExecutor.runWorker(ThreadPoolExecutor.java:1136)
at java.base/java.util.concurrent.ThreadPoolExecutor$Worker.run(ThreadPoolExecutor.java:635)
at java.base/java.lang.Thread.run(Thread.java:833)
... Removed 14 stack frames]]>
    </failure>
  </testcase> <!-- @BeforeTest initializeTest -->
  <testcase classname="Academy.E2EProject.HomePage" name="@AfterTest tearDown" time="0.0">
    <skipped/>
  </testcase> <!-- @AfterTest tearDown -->
  <testcase classname="Academy.E2EProject.HomePage" name="basePageLoginUsers" time="0.0">
    <skipped/>
  </testcase> <!-- basePageLoginUsers -->
  <testcase classname="Academy.E2EProject.HomePage" name="basePageLoginUsers" time="0.0">
    <skipped/>
  </testcase> <!-- basePageLoginUsers -->
</testsuite> <!-- Login to Homepage -->
