<?xml version="1.0" encoding="UTF-8"?>
<!-- Generated by org.testng.reporters.JUnitXMLReporter -->
<testsuite ignored="0" hostname="BRIAN" failures="2" tests="2" name="calidation of title" time="170.766" errors="0" timestamp="2022-07-14T21:12:44 IST">
  <testcase classname="Academy.E2EProject.ValidateTitle" name="basePageATitleValidation" time="0.083">
    <failure type="java.lang.AssertionError" message="expected [FEATURED COURSES123] but found [FEATURED COURSES]">
      <![CDATA[java.lang.AssertionError: expected [FEATURED COURSES123] but found [FEATURED COURSES]
at Academy.E2EProject.ValidateTitle.basePageATitleValidation(ValidateTitle.java:40)
at java.base/java.util.ArrayList.forEach(ArrayList.java:1541)
at java.base/java.util.concurrent.FutureTask.run(FutureTask.java:264)
at java.base/java.util.concurrent.ThreadPoolExecutor.runWorker(ThreadPoolExecutor.java:1128)
at java.base/java.util.concurrent.ThreadPoolExecutor$Worker.run(ThreadPoolExecutor.java:628)
at java.base/java.lang.Thread.run(Thread.java:834)
... Removed 23 stack frames]]>
    </failure>
  </testcase> <!-- basePageATitleValidation -->
  <testcase classname="Academy.E2EProject.ValidateTitle" name="basePageHeaderValidation" time="0.076">
    <failure type="java.lang.AssertionError" message="expected [AN ACADEMY TO LEARN EVERTYTHING ABOUT TESTING] but found [AN ACADEMY TO LEARN EVERYTHING ABOUT TESTING]">
      <![CDATA[java.lang.AssertionError: expected [AN ACADEMY TO LEARN EVERTYTHING ABOUT TESTING] but found [AN ACADEMY TO LEARN EVERYTHING ABOUT TESTING]
at Academy.E2EProject.ValidateTitle.basePageHeaderValidation(ValidateTitle.java:51)
at java.base/java.util.ArrayList.forEach(ArrayList.java:1541)
at java.base/java.util.concurrent.FutureTask.run(FutureTask.java:264)
at java.base/java.util.concurrent.ThreadPoolExecutor.runWorker(ThreadPoolExecutor.java:1128)
at java.base/java.util.concurrent.ThreadPoolExecutor$Worker.run(ThreadPoolExecutor.java:628)
at java.base/java.lang.Thread.run(Thread.java:834)
... Removed 23 stack frames]]>
    </failure>
  </testcase> <!-- basePageHeaderValidation -->
</testsuite> <!-- calidation of title -->
