<?xml version="1.0" encoding="UTF-8"?>
<!-- Generated by org.testng.reporters.JUnitXMLReporter -->
<testsuite ignored="0" hostname="BRIAN" failures="0" tests="4" name="Test" time="91.705" errors="0" timestamp="2022-07-10T20:30:43 IST">
  <testcase classname="Academy.E2EProject.HomePage" name="basePageNavigation" time="22.585"/>
  <testcase classname="Academy.E2EProject.HomePage" name="basePageNavigation" time="18.458"/>
  <testcase classname="Academy.E2EProject.ValidateNavigationBar" name="basePageNavigation" time="0.117"/>
  <testcase classname="Academy.E2EProject.ValidateTitle" name="basePageNavigation" time="0.05"/>
</testsuite> <!-- Test -->
